f:\university libre de bruxelles\info-h502 virtual reality\gitlab\vr_ulb\billiard game\billiard game\debug\vc140.pdb
f:\university libre de bruxelles\info-h502 virtual reality\gitlab\vr_ulb\billiard game\billiard game\debug\vc140.idb
f:\university libre de bruxelles\info-h502 virtual reality\gitlab\vr_ulb\billiard game\billiard game\debug\ball.obj
f:\university libre de bruxelles\info-h502 virtual reality\gitlab\vr_ulb\billiard game\billiard game\debug\constant.obj
f:\university libre de bruxelles\info-h502 virtual reality\gitlab\vr_ulb\billiard game\billiard game\debug\main.obj
f:\university libre de bruxelles\info-h502 virtual reality\gitlab\vr_ulb\billiard game\billiard game\debug\object.obj
f:\university libre de bruxelles\info-h502 virtual reality\gitlab\vr_ulb\billiard game\billiard game\debug\scene.obj
f:\university libre de bruxelles\info-h502 virtual reality\gitlab\vr_ulb\billiard game\billiard game\debug\shader.obj
f:\university libre de bruxelles\info-h502 virtual reality\gitlab\vr_ulb\billiard game\billiard game\debug\play_conf.obj
f:\university libre de bruxelles\info-h502 virtual reality\gitlab\vr_ulb\billiard game\billiard game\debug\resource_handler.obj
f:\university libre de bruxelles\info-h502 virtual reality\gitlab\vr_ulb\billiard game\billiard game\debug\scene_handler.obj
f:\university libre de bruxelles\info-h502 virtual reality\gitlab\vr_ulb\billiard game\billiard game\debug\model.obj
f:\university libre de bruxelles\info-h502 virtual reality\gitlab\vr_ulb\billiard game\billiard game\debug\texture.obj
f:\university libre de bruxelles\info-h502 virtual reality\gitlab\vr_ulb\billiard game\billiard game\debug\mesh.obj
f:\university libre de bruxelles\info-h502 virtual reality\gitlab\vr_ulb\billiard game\billiard game\debug\node.obj
f:\university libre de bruxelles\info-h502 virtual reality\gitlab\vr_ulb\billiard game\billiard game\debug\camera.obj
f:\university libre de bruxelles\info-h502 virtual reality\gitlab\vr_ulb\billiard game\debug\billiard game.ilk
f:\university libre de bruxelles\info-h502 virtual reality\gitlab\vr_ulb\billiard game\debug\billiard game.exe
f:\university libre de bruxelles\info-h502 virtual reality\gitlab\vr_ulb\billiard game\debug\billiard game.pdb
f:\university libre de bruxelles\info-h502 virtual reality\final project\vr_ulb\billiard game\billiard game\debug\ball.obj
f:\university libre de bruxelles\info-h502 virtual reality\final project\vr_ulb\billiard game\billiard game\debug\camera.obj
f:\university libre de bruxelles\info-h502 virtual reality\final project\vr_ulb\billiard game\billiard game\debug\constant.obj
f:\university libre de bruxelles\info-h502 virtual reality\final project\vr_ulb\billiard game\billiard game\debug\light.obj
f:\university libre de bruxelles\info-h502 virtual reality\final project\vr_ulb\billiard game\billiard game\debug\main.obj
f:\university libre de bruxelles\info-h502 virtual reality\final project\vr_ulb\billiard game\billiard game\debug\material.obj
f:\university libre de bruxelles\info-h502 virtual reality\final project\vr_ulb\billiard game\billiard game\debug\mesh.obj
f:\university libre de bruxelles\info-h502 virtual reality\final project\vr_ulb\billiard game\billiard game\debug\model.obj
f:\university libre de bruxelles\info-h502 virtual reality\final project\vr_ulb\billiard game\billiard game\debug\node.obj
f:\university libre de bruxelles\info-h502 virtual reality\final project\vr_ulb\billiard game\billiard game\debug\object.obj
f:\university libre de bruxelles\info-h502 virtual reality\final project\vr_ulb\billiard game\billiard game\debug\play_conf.obj
f:\university libre de bruxelles\info-h502 virtual reality\final project\vr_ulb\billiard game\billiard game\debug\resource_handler.obj
f:\university libre de bruxelles\info-h502 virtual reality\final project\vr_ulb\billiard game\billiard game\debug\scene.obj
f:\university libre de bruxelles\info-h502 virtual reality\final project\vr_ulb\billiard game\billiard game\debug\scene_handler.obj
f:\university libre de bruxelles\info-h502 virtual reality\final project\vr_ulb\billiard game\billiard game\debug\shader.obj
f:\university libre de bruxelles\info-h502 virtual reality\final project\vr_ulb\billiard game\billiard game\debug\texture.obj
f:\university libre de bruxelles\info-h502 virtual reality\final project\vr_ulb\billiard game\billiard game\debug\util.obj
f:\university libre de bruxelles\info-h502 virtual reality\final project\vr_ulb\billiard game\billiard game\debug\vertex.obj
f:\university libre de bruxelles\info-h502 virtual reality\final project\vr_ulb\billiard game\billiard game\debug\vc140.idb
f:\university libre de bruxelles\info-h502 virtual reality\final project\vr_ulb\billiard game\billiard game\debug\vc140.pdb
f:\university libre de bruxelles\info-h502 virtual reality\final project\vr_ulb\billiard game\debug\billiard game.pdb
f:\university libre de bruxelles\info-h502 virtual reality\final project\vr_ulb\billiard game\debug\billiard game.exe
f:\university libre de bruxelles\info-h502 virtual reality\final project\vr_ulb\billiard game\debug\billiard game.ilk
f:\university libre de bruxelles\info-h502 virtual reality\final project\vr_ulb\billiard game\billiard game\debug\billiard game.tlog\cl.command.1.tlog
f:\university libre de bruxelles\info-h502 virtual reality\final project\vr_ulb\billiard game\billiard game\debug\billiard game.tlog\cl.read.1.tlog
f:\university libre de bruxelles\info-h502 virtual reality\final project\vr_ulb\billiard game\billiard game\debug\billiard game.tlog\cl.write.1.tlog
f:\university libre de bruxelles\info-h502 virtual reality\final project\vr_ulb\billiard game\billiard game\debug\billiard game.tlog\link.command.1.tlog
f:\university libre de bruxelles\info-h502 virtual reality\final project\vr_ulb\billiard game\billiard game\debug\billiard game.tlog\link.read.1.tlog
f:\university libre de bruxelles\info-h502 virtual reality\final project\vr_ulb\billiard game\billiard game\debug\billiard game.tlog\link.write.1.tlog
