  vertex.cpp
  util.cpp
f:\university libre de bruxelles\info-h502 virtual reality\final project\vr_ulb\billiard game\billiard game\util.hpp(63): warning C4091: 'extern ': ignored on left of 'LightSource' when no variable is declared
f:\university libre de bruxelles\info-h502 virtual reality\final project\vr_ulb\billiard game\billiard game\util.hpp(64): warning C4091: 'extern ': ignored on left of 'LightMaterial' when no variable is declared
f:\university libre de bruxelles\info-h502 virtual reality\final project\vr_ulb\billiard game\billiard game\util.cpp(14): warning C4477: 'fprintf' : format string '%s' requires an argument of type 'char *', but variadic argument 1 has type 'const std::string'
f:\university libre de bruxelles\info-h502 virtual reality\final project\vr_ulb\billiard game\libraries\include\gl\glu.h(33): warning C4068: unknown pragma
f:\university libre de bruxelles\info-h502 virtual reality\final project\vr_ulb\billiard game\libraries\include\gl\gl.h : warning C4819: The file contains a character that cannot be represented in the current code page (936). Save the file in Unicode format to prevent data loss
  Texture.cpp
f:\university libre de bruxelles\info-h502 virtual reality\final project\vr_ulb\billiard game\libraries\include\gl\gl.h : warning C4819: The file contains a character that cannot be represented in the current code page (936). Save the file in Unicode format to prevent data loss
f:\university libre de bruxelles\info-h502 virtual reality\final project\vr_ulb\billiard game\libraries\include\gl\glu.h(33): warning C4068: unknown pragma
f:\university libre de bruxelles\info-h502 virtual reality\final project\vr_ulb\billiard game\billiard game\util.hpp(63): warning C4091: 'extern ': ignored on left of 'LightSource' when no variable is declared
f:\university libre de bruxelles\info-h502 virtual reality\final project\vr_ulb\billiard game\billiard game\util.hpp(64): warning C4091: 'extern ': ignored on left of 'LightMaterial' when no variable is declared
  Shader.cpp
f:\university libre de bruxelles\info-h502 virtual reality\final project\vr_ulb\billiard game\libraries\include\gl\glu.h(33): warning C4068: unknown pragma
f:\university libre de bruxelles\info-h502 virtual reality\final project\vr_ulb\billiard game\libraries\include\gl\gl.h : warning C4819: The file contains a character that cannot be represented in the current code page (936). Save the file in Unicode format to prevent data loss
f:\university libre de bruxelles\info-h502 virtual reality\final project\vr_ulb\billiard game\billiard game\util.hpp(63): warning C4091: 'extern ': ignored on left of 'LightSource' when no variable is declared
f:\university libre de bruxelles\info-h502 virtual reality\final project\vr_ulb\billiard game\billiard game\util.hpp(64): warning C4091: 'extern ': ignored on left of 'LightMaterial' when no variable is declared
f:\university libre de bruxelles\info-h502 virtual reality\final project\vr_ulb\billiard game\billiard game\shader.cpp(60): warning C4477: 'fprintf' : format string '%d' requires an argument of type 'int', but variadic argument 1 has type 'const char *'
  Scene_handler.cpp
f:\university libre de bruxelles\info-h502 virtual reality\final project\vr_ulb\billiard game\libraries\include\gl\glu.h(33): warning C4068: unknown pragma
f:\university libre de bruxelles\info-h502 virtual reality\final project\vr_ulb\billiard game\libraries\include\gl\gl.h : warning C4819: The file contains a character that cannot be represented in the current code page (936). Save the file in Unicode format to prevent data loss
f:\university libre de bruxelles\info-h502 virtual reality\final project\vr_ulb\billiard game\libraries\include\gl\gl.h : warning C4819: The file contains a character that cannot be represented in the current code page (936). Save the file in Unicode format to prevent data loss
f:\university libre de bruxelles\info-h502 virtual reality\final project\vr_ulb\billiard game\libraries\include\gl\gl.h : warning C4819: The file contains a character that cannot be represented in the current code page (936). Save the file in Unicode format to prevent data loss
f:\university libre de bruxelles\info-h502 virtual reality\final project\vr_ulb\billiard game\billiard game\util.hpp(63): warning C4091: 'extern ': ignored on left of 'LightSource' when no variable is declared
f:\university libre de bruxelles\info-h502 virtual reality\final project\vr_ulb\billiard game\billiard game\util.hpp(64): warning C4091: 'extern ': ignored on left of 'LightMaterial' when no variable is declared
f:\university libre de bruxelles\info-h502 virtual reality\final project\vr_ulb\billiard game\billiard game\scene_handler.cpp(22): warning C4996: 'fopen': This function or variable may be unsafe. Consider using fopen_s instead. To disable deprecation, use _CRT_SECURE_NO_WARNINGS. See online help for details.
  c:\program files (x86)\windows kits\10\include\10.0.10240.0\ucrt\stdio.h(205): note: see declaration of 'fopen'
f:\university libre de bruxelles\info-h502 virtual reality\final project\vr_ulb\billiard game\billiard game\scene_handler.cpp(29): warning C4996: 'fscanf': This function or variable may be unsafe. Consider using fscanf_s instead. To disable deprecation, use _CRT_SECURE_NO_WARNINGS. See online help for details.
  c:\program files (x86)\windows kits\10\include\10.0.10240.0\ucrt\stdio.h(1193): note: see declaration of 'fscanf'
f:\university libre de bruxelles\info-h502 virtual reality\final project\vr_ulb\billiard game\billiard game\scene_handler.cpp(33): warning C4996: 'fscanf': This function or variable may be unsafe. Consider using fscanf_s instead. To disable deprecation, use _CRT_SECURE_NO_WARNINGS. See online help for details.
  c:\program files (x86)\windows kits\10\include\10.0.10240.0\ucrt\stdio.h(1193): note: see declaration of 'fscanf'
f:\university libre de bruxelles\info-h502 virtual reality\final project\vr_ulb\billiard game\billiard game\scene_handler.cpp(35): warning C4996: 'fscanf': This function or variable may be unsafe. Consider using fscanf_s instead. To disable deprecation, use _CRT_SECURE_NO_WARNINGS. See online help for details.
  c:\program files (x86)\windows kits\10\include\10.0.10240.0\ucrt\stdio.h(1193): note: see declaration of 'fscanf'
  Scene.cpp
f:\university libre de bruxelles\info-h502 virtual reality\final project\vr_ulb\billiard game\libraries\include\gl\glu.h(33): warning C4068: unknown pragma
f:\university libre de bruxelles\info-h502 virtual reality\final project\vr_ulb\billiard game\libraries\include\gl\gl.h : warning C4819: The file contains a character that cannot be represented in the current code page (936). Save the file in Unicode format to prevent data loss
f:\university libre de bruxelles\info-h502 virtual reality\final project\vr_ulb\billiard game\libraries\include\gl\gl.h : warning C4819: The file contains a character that cannot be represented in the current code page (936). Save the file in Unicode format to prevent data loss
f:\university libre de bruxelles\info-h502 virtual reality\final project\vr_ulb\billiard game\libraries\include\gl\gl.h : warning C4819: The file contains a character that cannot be represented in the current code page (936). Save the file in Unicode format to prevent data loss
f:\university libre de bruxelles\info-h502 virtual reality\final project\vr_ulb\billiard game\billiard game\util.hpp(63): warning C4091: 'extern ': ignored on left of 'LightSource' when no variable is declared
f:\university libre de bruxelles\info-h502 virtual reality\final project\vr_ulb\billiard game\billiard game\util.hpp(64): warning C4091: 'extern ': ignored on left of 'LightMaterial' when no variable is declared
f:\university libre de bruxelles\info-h502 virtual reality\final project\vr_ulb\billiard game\billiard game\scene.cpp(28): warning C4996: 'fopen': This function or variable may be unsafe. Consider using fopen_s instead. To disable deprecation, use _CRT_SECURE_NO_WARNINGS. See online help for details.
  c:\program files (x86)\windows kits\10\include\10.0.10240.0\ucrt\stdio.h(205): note: see declaration of 'fopen'
f:\university libre de bruxelles\info-h502 virtual reality\final project\vr_ulb\billiard game\billiard game\scene.cpp(35): warning C4996: 'fscanf': This function or variable may be unsafe. Consider using fscanf_s instead. To disable deprecation, use _CRT_SECURE_NO_WARNINGS. See online help for details.
  c:\program files (x86)\windows kits\10\include\10.0.10240.0\ucrt\stdio.h(1193): note: see declaration of 'fscanf'
f:\university libre de bruxelles\info-h502 virtual reality\final project\vr_ulb\billiard game\billiard game\scene.cpp(40): warning C4996: 'fscanf': This function or variable may be unsafe. Consider using fscanf_s instead. To disable deprecation, use _CRT_SECURE_NO_WARNINGS. See online help for details.
  c:\program files (x86)\windows kits\10\include\10.0.10240.0\ucrt\stdio.h(1193): note: see declaration of 'fscanf'
f:\university libre de bruxelles\info-h502 virtual reality\final project\vr_ulb\billiard game\billiard game\scene.cpp(42): warning C4996: 'fscanf': This function or variable may be unsafe. Consider using fscanf_s instead. To disable deprecation, use _CRT_SECURE_NO_WARNINGS. See online help for details.
  c:\program files (x86)\windows kits\10\include\10.0.10240.0\ucrt\stdio.h(1193): note: see declaration of 'fscanf'
f:\university libre de bruxelles\info-h502 virtual reality\final project\vr_ulb\billiard game\billiard game\scene.cpp(52): warning C4996: 'fscanf': This function or variable may be unsafe. Consider using fscanf_s instead. To disable deprecation, use _CRT_SECURE_NO_WARNINGS. See online help for details.
  c:\program files (x86)\windows kits\10\include\10.0.10240.0\ucrt\stdio.h(1193): note: see declaration of 'fscanf'
f:\university libre de bruxelles\info-h502 virtual reality\final project\vr_ulb\billiard game\billiard game\scene.cpp(57): warning C4996: 'fscanf': This function or variable may be unsafe. Consider using fscanf_s instead. To disable deprecation, use _CRT_SECURE_NO_WARNINGS. See online help for details.
  c:\program files (x86)\windows kits\10\include\10.0.10240.0\ucrt\stdio.h(1193): note: see declaration of 'fscanf'
f:\university libre de bruxelles\info-h502 virtual reality\final project\vr_ulb\billiard game\billiard game\scene.cpp(62): warning C4996: 'fscanf': This function or variable may be unsafe. Consider using fscanf_s instead. To disable deprecation, use _CRT_SECURE_NO_WARNINGS. See online help for details.
  c:\program files (x86)\windows kits\10\include\10.0.10240.0\ucrt\stdio.h(1193): note: see declaration of 'fscanf'
f:\university libre de bruxelles\info-h502 virtual reality\final project\vr_ulb\billiard game\billiard game\scene.cpp(65): warning C4996: 'fscanf': This function or variable may be unsafe. Consider using fscanf_s instead. To disable deprecation, use _CRT_SECURE_NO_WARNINGS. See online help for details.
  c:\program files (x86)\windows kits\10\include\10.0.10240.0\ucrt\stdio.h(1193): note: see declaration of 'fscanf'
f:\university libre de bruxelles\info-h502 virtual reality\final project\vr_ulb\billiard game\billiard game\scene.cpp(67): warning C4996: 'fscanf': This function or variable may be unsafe. Consider using fscanf_s instead. To disable deprecation, use _CRT_SECURE_NO_WARNINGS. See online help for details.
  c:\program files (x86)\windows kits\10\include\10.0.10240.0\ucrt\stdio.h(1193): note: see declaration of 'fscanf'
f:\university libre de bruxelles\info-h502 virtual reality\final project\vr_ulb\billiard game\billiard game\scene.cpp(73): warning C4996: 'fscanf': This function or variable may be unsafe. Consider using fscanf_s instead. To disable deprecation, use _CRT_SECURE_NO_WARNINGS. See online help for details.
  c:\program files (x86)\windows kits\10\include\10.0.10240.0\ucrt\stdio.h(1193): note: see declaration of 'fscanf'
f:\university libre de bruxelles\info-h502 virtual reality\final project\vr_ulb\billiard game\billiard game\scene.cpp(75): warning C4996: 'fscanf': This function or variable may be unsafe. Consider using fscanf_s instead. To disable deprecation, use _CRT_SECURE_NO_WARNINGS. See online help for details.
  c:\program files (x86)\windows kits\10\include\10.0.10240.0\ucrt\stdio.h(1193): note: see declaration of 'fscanf'
f:\university libre de bruxelles\info-h502 virtual reality\final project\vr_ulb\billiard game\billiard game\scene.cpp(76): warning C4996: 'fscanf': This function or variable may be unsafe. Consider using fscanf_s instead. To disable deprecation, use _CRT_SECURE_NO_WARNINGS. See online help for details.
  c:\program files (x86)\windows kits\10\include\10.0.10240.0\ucrt\stdio.h(1193): note: see declaration of 'fscanf'
f:\university libre de bruxelles\info-h502 virtual reality\final project\vr_ulb\billiard game\billiard game\scene.cpp(78): warning C4996: 'fscanf': This function or variable may be unsafe. Consider using fscanf_s instead. To disable deprecation, use _CRT_SECURE_NO_WARNINGS. See online help for details.
  c:\program files (x86)\windows kits\10\include\10.0.10240.0\ucrt\stdio.h(1193): note: see declaration of 'fscanf'
f:\university libre de bruxelles\info-h502 virtual reality\final project\vr_ulb\billiard game\billiard game\scene.cpp(82): warning C4996: 'fscanf': This function or variable may be unsafe. Consider using fscanf_s instead. To disable deprecation, use _CRT_SECURE_NO_WARNINGS. See online help for details.
  c:\program files (x86)\windows kits\10\include\10.0.10240.0\ucrt\stdio.h(1193): note: see declaration of 'fscanf'
f:\university libre de bruxelles\info-h502 virtual reality\final project\vr_ulb\billiard game\billiard game\scene.cpp(83): warning C4996: 'fscanf': This function or variable may be unsafe. Consider using fscanf_s instead. To disable deprecation, use _CRT_SECURE_NO_WARNINGS. See online help for details.
  c:\program files (x86)\windows kits\10\include\10.0.10240.0\ucrt\stdio.h(1193): note: see declaration of 'fscanf'
f:\university libre de bruxelles\info-h502 virtual reality\final project\vr_ulb\billiard game\billiard game\scene.cpp(91): warning C4996: 'fscanf': This function or variable may be unsafe. Consider using fscanf_s instead. To disable deprecation, use _CRT_SECURE_NO_WARNINGS. See online help for details.
  c:\program files (x86)\windows kits\10\include\10.0.10240.0\ucrt\stdio.h(1193): note: see declaration of 'fscanf'
f:\university libre de bruxelles\info-h502 virtual reality\final project\vr_ulb\billiard game\billiard game\scene.cpp(92): warning C4996: 'fscanf': This function or variable may be unsafe. Consider using fscanf_s instead. To disable deprecation, use _CRT_SECURE_NO_WARNINGS. See online help for details.
  c:\program files (x86)\windows kits\10\include\10.0.10240.0\ucrt\stdio.h(1193): note: see declaration of 'fscanf'
f:\university libre de bruxelles\info-h502 virtual reality\final project\vr_ulb\billiard game\billiard game\scene.cpp(94): warning C4996: 'fscanf': This function or variable may be unsafe. Consider using fscanf_s instead. To disable deprecation, use _CRT_SECURE_NO_WARNINGS. See online help for details.
  c:\program files (x86)\windows kits\10\include\10.0.10240.0\ucrt\stdio.h(1193): note: see declaration of 'fscanf'
f:\university libre de bruxelles\info-h502 virtual reality\final project\vr_ulb\billiard game\billiard game\scene.cpp(96): warning C4996: 'fscanf': This function or variable may be unsafe. Consider using fscanf_s instead. To disable deprecation, use _CRT_SECURE_NO_WARNINGS. See online help for details.
  c:\program files (x86)\windows kits\10\include\10.0.10240.0\ucrt\stdio.h(1193): note: see declaration of 'fscanf'
f:\university libre de bruxelles\info-h502 virtual reality\final project\vr_ulb\billiard game\billiard game\scene.cpp(98): warning C4996: 'fscanf': This function or variable may be unsafe. Consider using fscanf_s instead. To disable deprecation, use _CRT_SECURE_NO_WARNINGS. See online help for details.
  c:\program files (x86)\windows kits\10\include\10.0.10240.0\ucrt\stdio.h(1193): note: see declaration of 'fscanf'
f:\university libre de bruxelles\info-h502 virtual reality\final project\vr_ulb\billiard game\billiard game\scene.cpp(102): warning C4996: 'fscanf': This function or variable may be unsafe. Consider using fscanf_s instead. To disable deprecation, use _CRT_SECURE_NO_WARNINGS. See online help for details.
  c:\program files (x86)\windows kits\10\include\10.0.10240.0\ucrt\stdio.h(1193): note: see declaration of 'fscanf'
f:\university libre de bruxelles\info-h502 virtual reality\final project\vr_ulb\billiard game\billiard game\scene.cpp(106): warning C4996: 'fscanf': This function or variable may be unsafe. Consider using fscanf_s instead. To disable deprecation, use _CRT_SECURE_NO_WARNINGS. See online help for details.
  c:\program files (x86)\windows kits\10\include\10.0.10240.0\ucrt\stdio.h(1193): note: see declaration of 'fscanf'
f:\university libre de bruxelles\info-h502 virtual reality\final project\vr_ulb\billiard game\billiard game\scene.cpp(107): warning C4996: 'fscanf': This function or variable may be unsafe. Consider using fscanf_s instead. To disable deprecation, use _CRT_SECURE_NO_WARNINGS. See online help for details.
  c:\program files (x86)\windows kits\10\include\10.0.10240.0\ucrt\stdio.h(1193): note: see declaration of 'fscanf'
f:\university libre de bruxelles\info-h502 virtual reality\final project\vr_ulb\billiard game\billiard game\scene.cpp(110): warning C4996: 'fscanf': This function or variable may be unsafe. Consider using fscanf_s instead. To disable deprecation, use _CRT_SECURE_NO_WARNINGS. See online help for details.
  c:\program files (x86)\windows kits\10\include\10.0.10240.0\ucrt\stdio.h(1193): note: see declaration of 'fscanf'
f:\university libre de bruxelles\info-h502 virtual reality\final project\vr_ulb\billiard game\billiard game\scene.cpp(115): warning C4996: 'fscanf': This function or variable may be unsafe. Consider using fscanf_s instead. To disable deprecation, use _CRT_SECURE_NO_WARNINGS. See online help for details.
  c:\program files (x86)\windows kits\10\include\10.0.10240.0\ucrt\stdio.h(1193): note: see declaration of 'fscanf'
f:\university libre de bruxelles\info-h502 virtual reality\final project\vr_ulb\billiard game\billiard game\scene.cpp(116): warning C4996: 'fscanf': This function or variable may be unsafe. Consider using fscanf_s instead. To disable deprecation, use _CRT_SECURE_NO_WARNINGS. See online help for details.
  c:\program files (x86)\windows kits\10\include\10.0.10240.0\ucrt\stdio.h(1193): note: see declaration of 'fscanf'
f:\university libre de bruxelles\info-h502 virtual reality\final project\vr_ulb\billiard game\billiard game\scene.cpp(117): warning C4996: 'fscanf': This function or variable may be unsafe. Consider using fscanf_s instead. To disable deprecation, use _CRT_SECURE_NO_WARNINGS. See online help for details.
  c:\program files (x86)\windows kits\10\include\10.0.10240.0\ucrt\stdio.h(1193): note: see declaration of 'fscanf'
f:\university libre de bruxelles\info-h502 virtual reality\final project\vr_ulb\billiard game\billiard game\scene.cpp(118): warning C4996: 'fscanf': This function or variable may be unsafe. Consider using fscanf_s instead. To disable deprecation, use _CRT_SECURE_NO_WARNINGS. See online help for details.
  c:\program files (x86)\windows kits\10\include\10.0.10240.0\ucrt\stdio.h(1193): note: see declaration of 'fscanf'
  GLM: perspective function taking degrees as a parameter is deprecated. #define GLM_FORCE_RADIANS before including GLM headers to remove this message.
  Resource_handler.cpp
f:\university libre de bruxelles\info-h502 virtual reality\final project\vr_ulb\billiard game\libraries\include\gl\glu.h(33): warning C4068: unknown pragma
f:\university libre de bruxelles\info-h502 virtual reality\final project\vr_ulb\billiard game\libraries\include\gl\gl.h : warning C4819: The file contains a character that cannot be represented in the current code page (936). Save the file in Unicode format to prevent data loss
f:\university libre de bruxelles\info-h502 virtual reality\final project\vr_ulb\billiard game\libraries\include\gl\gl.h : warning C4819: The file contains a character that cannot be represented in the current code page (936). Save the file in Unicode format to prevent data loss
f:\university libre de bruxelles\info-h502 virtual reality\final project\vr_ulb\billiard game\libraries\include\gl\gl.h : warning C4819: The file contains a character that cannot be represented in the current code page (936). Save the file in Unicode format to prevent data loss
f:\university libre de bruxelles\info-h502 virtual reality\final project\vr_ulb\billiard game\billiard game\util.hpp(63): warning C4091: 'extern ': ignored on left of 'LightSource' when no variable is declared
f:\university libre de bruxelles\info-h502 virtual reality\final project\vr_ulb\billiard game\billiard game\util.hpp(64): warning C4091: 'extern ': ignored on left of 'LightMaterial' when no variable is declared
f:\university libre de bruxelles\info-h502 virtual reality\final project\vr_ulb\billiard game\billiard game\resource_handler.cpp(19): warning C4996: 'fopen': This function or variable may be unsafe. Consider using fopen_s instead. To disable deprecation, use _CRT_SECURE_NO_WARNINGS. See online help for details.
  c:\program files (x86)\windows kits\10\include\10.0.10240.0\ucrt\stdio.h(205): note: see declaration of 'fopen'
f:\university libre de bruxelles\info-h502 virtual reality\final project\vr_ulb\billiard game\billiard game\resource_handler.cpp(26): warning C4996: 'fscanf': This function or variable may be unsafe. Consider using fscanf_s instead. To disable deprecation, use _CRT_SECURE_NO_WARNINGS. See online help for details.
  c:\program files (x86)\windows kits\10\include\10.0.10240.0\ucrt\stdio.h(1193): note: see declaration of 'fscanf'
f:\university libre de bruxelles\info-h502 virtual reality\final project\vr_ulb\billiard game\billiard game\resource_handler.cpp(31): warning C4996: 'fscanf': This function or variable may be unsafe. Consider using fscanf_s instead. To disable deprecation, use _CRT_SECURE_NO_WARNINGS. See online help for details.
  c:\program files (x86)\windows kits\10\include\10.0.10240.0\ucrt\stdio.h(1193): note: see declaration of 'fscanf'
f:\university libre de bruxelles\info-h502 virtual reality\final project\vr_ulb\billiard game\billiard game\resource_handler.cpp(33): warning C4996: 'fscanf': This function or variable may be unsafe. Consider using fscanf_s instead. To disable deprecation, use _CRT_SECURE_NO_WARNINGS. See online help for details.
  c:\program files (x86)\windows kits\10\include\10.0.10240.0\ucrt\stdio.h(1193): note: see declaration of 'fscanf'
f:\university libre de bruxelles\info-h502 virtual reality\final project\vr_ulb\billiard game\billiard game\resource_handler.cpp(39): warning C4996: 'fscanf': This function or variable may be unsafe. Consider using fscanf_s instead. To disable deprecation, use _CRT_SECURE_NO_WARNINGS. See online help for details.
  c:\program files (x86)\windows kits\10\include\10.0.10240.0\ucrt\stdio.h(1193): note: see declaration of 'fscanf'
f:\university libre de bruxelles\info-h502 virtual reality\final project\vr_ulb\billiard game\billiard game\resource_handler.cpp(43): warning C4996: 'fscanf': This function or variable may be unsafe. Consider using fscanf_s instead. To disable deprecation, use _CRT_SECURE_NO_WARNINGS. See online help for details.
  c:\program files (x86)\windows kits\10\include\10.0.10240.0\ucrt\stdio.h(1193): note: see declaration of 'fscanf'
f:\university libre de bruxelles\info-h502 virtual reality\final project\vr_ulb\billiard game\billiard game\resource_handler.cpp(45): warning C4996: 'fscanf': This function or variable may be unsafe. Consider using fscanf_s instead. To disable deprecation, use _CRT_SECURE_NO_WARNINGS. See online help for details.
  c:\program files (x86)\windows kits\10\include\10.0.10240.0\ucrt\stdio.h(1193): note: see declaration of 'fscanf'
f:\university libre de bruxelles\info-h502 virtual reality\final project\vr_ulb\billiard game\billiard game\resource_handler.cpp(46): warning C4996: 'fscanf': This function or variable may be unsafe. Consider using fscanf_s instead. To disable deprecation, use _CRT_SECURE_NO_WARNINGS. See online help for details.
  c:\program files (x86)\windows kits\10\include\10.0.10240.0\ucrt\stdio.h(1193): note: see declaration of 'fscanf'
  Object.cpp
f:\university libre de bruxelles\info-h502 virtual reality\final project\vr_ulb\billiard game\libraries\include\gl\glu.h(33): warning C4068: unknown pragma
f:\university libre de bruxelles\info-h502 virtual reality\final project\vr_ulb\billiard game\libraries\include\gl\gl.h : warning C4819: The file contains a character that cannot be represented in the current code page (936). Save the file in Unicode format to prevent data loss
f:\university libre de bruxelles\info-h502 virtual reality\final project\vr_ulb\billiard game\libraries\include\gl\gl.h : warning C4819: The file contains a character that cannot be represented in the current code page (936). Save the file in Unicode format to prevent data loss
f:\university libre de bruxelles\info-h502 virtual reality\final project\vr_ulb\billiard game\libraries\include\gl\gl.h : warning C4819: The file contains a character that cannot be represented in the current code page (936). Save the file in Unicode format to prevent data loss
f:\university libre de bruxelles\info-h502 virtual reality\final project\vr_ulb\billiard game\billiard game\util.hpp(63): warning C4091: 'extern ': ignored on left of 'LightSource' when no variable is declared
f:\university libre de bruxelles\info-h502 virtual reality\final project\vr_ulb\billiard game\billiard game\util.hpp(64): warning C4091: 'extern ': ignored on left of 'LightMaterial' when no variable is declared
  GLM: rotate function taking degrees as a parameter is deprecated. #define GLM_FORCE_RADIANS before including GLM headers to remove this message.
  Node.cpp
f:\university libre de bruxelles\info-h502 virtual reality\final project\vr_ulb\billiard game\libraries\include\gl\glu.h(33): warning C4068: unknown pragma
f:\university libre de bruxelles\info-h502 virtual reality\final project\vr_ulb\billiard game\libraries\include\gl\gl.h : warning C4819: The file contains a character that cannot be represented in the current code page (936). Save the file in Unicode format to prevent data loss
f:\university libre de bruxelles\info-h502 virtual reality\final project\vr_ulb\billiard game\libraries\include\gl\gl.h : warning C4819: The file contains a character that cannot be represented in the current code page (936). Save the file in Unicode format to prevent data loss
f:\university libre de bruxelles\info-h502 virtual reality\final project\vr_ulb\billiard game\libraries\include\gl\gl.h : warning C4819: The file contains a character that cannot be represented in the current code page (936). Save the file in Unicode format to prevent data loss
f:\university libre de bruxelles\info-h502 virtual reality\final project\vr_ulb\billiard game\billiard game\util.hpp(63): warning C4091: 'extern ': ignored on left of 'LightSource' when no variable is declared
f:\university libre de bruxelles\info-h502 virtual reality\final project\vr_ulb\billiard game\billiard game\util.hpp(64): warning C4091: 'extern ': ignored on left of 'LightMaterial' when no variable is declared
  Model.cpp
f:\university libre de bruxelles\info-h502 virtual reality\final project\vr_ulb\billiard game\libraries\include\gl\glu.h(33): warning C4068: unknown pragma
f:\university libre de bruxelles\info-h502 virtual reality\final project\vr_ulb\billiard game\libraries\include\gl\gl.h : warning C4819: The file contains a character that cannot be represented in the current code page (936). Save the file in Unicode format to prevent data loss
f:\university libre de bruxelles\info-h502 virtual reality\final project\vr_ulb\billiard game\libraries\include\gl\gl.h : warning C4819: The file contains a character that cannot be represented in the current code page (936). Save the file in Unicode format to prevent data loss
f:\university libre de bruxelles\info-h502 virtual reality\final project\vr_ulb\billiard game\libraries\include\gl\gl.h : warning C4819: The file contains a character that cannot be represented in the current code page (936). Save the file in Unicode format to prevent data loss
f:\university libre de bruxelles\info-h502 virtual reality\final project\vr_ulb\billiard game\billiard game\util.hpp(63): warning C4091: 'extern ': ignored on left of 'LightSource' when no variable is declared
f:\university libre de bruxelles\info-h502 virtual reality\final project\vr_ulb\billiard game\billiard game\util.hpp(64): warning C4091: 'extern ': ignored on left of 'LightMaterial' when no variable is declared
  GLM: rotate function taking degrees as a parameter is deprecated. #define GLM_FORCE_RADIANS before including GLM headers to remove this message.
  Mesh.cpp
f:\university libre de bruxelles\info-h502 virtual reality\final project\vr_ulb\billiard game\libraries\include\gl\glu.h(33): warning C4068: unknown pragma
f:\university libre de bruxelles\info-h502 virtual reality\final project\vr_ulb\billiard game\libraries\include\gl\gl.h : warning C4819: The file contains a character that cannot be represented in the current code page (936). Save the file in Unicode format to prevent data loss
f:\university libre de bruxelles\info-h502 virtual reality\final project\vr_ulb\billiard game\libraries\include\gl\gl.h : warning C4819: The file contains a character that cannot be represented in the current code page (936). Save the file in Unicode format to prevent data loss
f:\university libre de bruxelles\info-h502 virtual reality\final project\vr_ulb\billiard game\libraries\include\gl\gl.h : warning C4819: The file contains a character that cannot be represented in the current code page (936). Save the file in Unicode format to prevent data loss
f:\university libre de bruxelles\info-h502 virtual reality\final project\vr_ulb\billiard game\billiard game\util.hpp(63): warning C4091: 'extern ': ignored on left of 'LightSource' when no variable is declared
f:\university libre de bruxelles\info-h502 virtual reality\final project\vr_ulb\billiard game\billiard game\util.hpp(64): warning C4091: 'extern ': ignored on left of 'LightMaterial' when no variable is declared
  Material.cpp
f:\university libre de bruxelles\info-h502 virtual reality\final project\vr_ulb\billiard game\libraries\include\gl\glu.h(33): warning C4068: unknown pragma
f:\university libre de bruxelles\info-h502 virtual reality\final project\vr_ulb\billiard game\libraries\include\gl\gl.h : warning C4819: The file contains a character that cannot be represented in the current code page (936). Save the file in Unicode format to prevent data loss
  main.cpp
f:\university libre de bruxelles\info-h502 virtual reality\final project\vr_ulb\billiard game\libraries\include\gl\glu.h(33): warning C4068: unknown pragma
f:\university libre de bruxelles\info-h502 virtual reality\final project\vr_ulb\billiard game\libraries\include\gl\gl.h : warning C4819: The file contains a character that cannot be represented in the current code page (936). Save the file in Unicode format to prevent data loss
f:\university libre de bruxelles\info-h502 virtual reality\final project\vr_ulb\billiard game\libraries\include\gl\gl.h : warning C4819: The file contains a character that cannot be represented in the current code page (936). Save the file in Unicode format to prevent data loss
f:\university libre de bruxelles\info-h502 virtual reality\final project\vr_ulb\billiard game\billiard game\util.hpp(63): warning C4091: 'extern ': ignored on left of 'LightSource' when no variable is declared
f:\university libre de bruxelles\info-h502 virtual reality\final project\vr_ulb\billiard game\billiard game\util.hpp(64): warning C4091: 'extern ': ignored on left of 'LightMaterial' when no variable is declared
f:\university libre de bruxelles\info-h502 virtual reality\final project\vr_ulb\billiard game\libraries\include\gl\gl.h : warning C4819: The file contains a character that cannot be represented in the current code page (936). Save the file in Unicode format to prevent data loss
  Light.cpp
f:\university libre de bruxelles\info-h502 virtual reality\final project\vr_ulb\billiard game\libraries\include\gl\glu.h(33): warning C4068: unknown pragma
f:\university libre de bruxelles\info-h502 virtual reality\final project\vr_ulb\billiard game\libraries\include\gl\gl.h : warning C4819: The file contains a character that cannot be represented in the current code page (936). Save the file in Unicode format to prevent data loss
  Play_conf.cpp
f:\university libre de bruxelles\info-h502 virtual reality\final project\vr_ulb\billiard game\libraries\include\gl\glu.h(33): warning C4068: unknown pragma
f:\university libre de bruxelles\info-h502 virtual reality\final project\vr_ulb\billiard game\libraries\include\gl\gl.h : warning C4819: The file contains a character that cannot be represented in the current code page (936). Save the file in Unicode format to prevent data loss
f:\university libre de bruxelles\info-h502 virtual reality\final project\vr_ulb\billiard game\libraries\include\gl\gl.h : warning C4819: The file contains a character that cannot be represented in the current code page (936). Save the file in Unicode format to prevent data loss
f:\university libre de bruxelles\info-h502 virtual reality\final project\vr_ulb\billiard game\libraries\include\gl\gl.h : warning C4819: The file contains a character that cannot be represented in the current code page (936). Save the file in Unicode format to prevent data loss
f:\university libre de bruxelles\info-h502 virtual reality\final project\vr_ulb\billiard game\billiard game\util.hpp(63): warning C4091: 'extern ': ignored on left of 'LightSource' when no variable is declared
f:\university libre de bruxelles\info-h502 virtual reality\final project\vr_ulb\billiard game\billiard game\util.hpp(64): warning C4091: 'extern ': ignored on left of 'LightMaterial' when no variable is declared
f:\university libre de bruxelles\info-h502 virtual reality\final project\vr_ulb\billiard game\billiard game\play_conf.cpp(111): warning C4244: 'argument': conversion from 'int' to 'float', possible loss of data
f:\university libre de bruxelles\info-h502 virtual reality\final project\vr_ulb\billiard game\billiard game\play_conf.cpp(117): warning C4244: 'argument': conversion from 'int' to 'float', possible loss of data
  Constant.cpp
f:\university libre de bruxelles\info-h502 virtual reality\final project\vr_ulb\billiard game\libraries\include\gl\glu.h(33): warning C4068: unknown pragma
f:\university libre de bruxelles\info-h502 virtual reality\final project\vr_ulb\billiard game\libraries\include\gl\gl.h : warning C4819: The file contains a character that cannot be represented in the current code page (936). Save the file in Unicode format to prevent data loss
f:\university libre de bruxelles\info-h502 virtual reality\final project\vr_ulb\billiard game\libraries\include\gl\gl.h : warning C4819: The file contains a character that cannot be represented in the current code page (936). Save the file in Unicode format to prevent data loss
  Camera.cpp
f:\university libre de bruxelles\info-h502 virtual reality\final project\vr_ulb\billiard game\libraries\include\gl\glu.h(33): warning C4068: unknown pragma
f:\university libre de bruxelles\info-h502 virtual reality\final project\vr_ulb\billiard game\libraries\include\gl\gl.h : warning C4819: The file contains a character that cannot be represented in the current code page (936). Save the file in Unicode format to prevent data loss
f:\university libre de bruxelles\info-h502 virtual reality\final project\vr_ulb\billiard game\billiard game\util.hpp(63): warning C4091: 'extern ': ignored on left of 'LightSource' when no variable is declared
f:\university libre de bruxelles\info-h502 virtual reality\final project\vr_ulb\billiard game\billiard game\util.hpp(64): warning C4091: 'extern ': ignored on left of 'LightMaterial' when no variable is declared
  GLM: rotate function taking degrees as a parameter is deprecated. #define GLM_FORCE_RADIANS before including GLM headers to remove this message.
  Ball.cpp
f:\university libre de bruxelles\info-h502 virtual reality\final project\vr_ulb\billiard game\libraries\include\gl\glu.h(33): warning C4068: unknown pragma
f:\university libre de bruxelles\info-h502 virtual reality\final project\vr_ulb\billiard game\libraries\include\gl\gl.h : warning C4819: The file contains a character that cannot be represented in the current code page (936). Save the file in Unicode format to prevent data loss
f:\university libre de bruxelles\info-h502 virtual reality\final project\vr_ulb\billiard game\libraries\include\gl\gl.h : warning C4819: The file contains a character that cannot be represented in the current code page (936). Save the file in Unicode format to prevent data loss
f:\university libre de bruxelles\info-h502 virtual reality\final project\vr_ulb\billiard game\libraries\include\gl\gl.h : warning C4819: The file contains a character that cannot be represented in the current code page (936). Save the file in Unicode format to prevent data loss
f:\university libre de bruxelles\info-h502 virtual reality\final project\vr_ulb\billiard game\billiard game\util.hpp(63): warning C4091: 'extern ': ignored on left of 'LightSource' when no variable is declared
f:\university libre de bruxelles\info-h502 virtual reality\final project\vr_ulb\billiard game\billiard game\util.hpp(64): warning C4091: 'extern ': ignored on left of 'LightMaterial' when no variable is declared
f:\university libre de bruxelles\info-h502 virtual reality\final project\vr_ulb\billiard game\billiard game\ball.cpp(21): warning C4244: 'initializing': conversion from 'GLdouble' to 'float', possible loss of data
  Generating Code...
  Billiard Game.vcxproj -> F:\University Libre de Bruxelles\INFO-H502 Virtual Reality\Final Project\VR_ULB\Billiard Game\Debug\Billiard Game.exe
  Billiard Game.vcxproj -> F:\University Libre de Bruxelles\INFO-H502 Virtual Reality\Final Project\VR_ULB\Billiard Game\Debug\Billiard Game.pdb (Full PDB)
